# JRE version: OpenJDK Runtime Environment Corretto-17.0.5.8.1 (17.0.5+8) (build 17.0.5+8-LTS)
# Java VM: OpenJDK 64-Bit Server VM Corretto-17.0.5.8.1 (17.0.5+8-LTS, mixed mode, sharing, tiered, compressed oops, compressed class ptrs, g1 gc, windows-amd64)
GC Precious Log:
 CPUs: 8 total, 8 available
 Memory: 15977M
 Large Page Support: Disabled
 NUMA Support: Disabled
 Compressed Oops: Enabled (32-bit)
 Heap Region Size: 1M
 Heap Min Capacity: 256M
 Heap Initial Capacity: 256M
 Heap Max Capacity: 512M
 Pre-touch: Disabled
 Parallel Workers: 8
 Concurrent Workers: 2
 Concurrent Refinement Workers: 8
 Periodic GC: Disabled
Heap:
 garbage-first heap   total 262144K, used 166581K [0x00000000e0000000, 0x0000000100000000)
  region size 1024K, 57 young (58368K), 6 survivors (6144K)
 Metaspace       used 74938K, committed 76096K, reserved 286720K
  class space    used 9676K, committed 10240K, reserved 212992K
GC Heap History (20 events):
Event: 21993.074 GC heap before
{Heap before GC invocations=40 (full 0):
 garbage-first heap   total 262144K, used 210867K [0x00000000e0000000, 0x0000000100000000)
  region size 1024K, 122 young (124928K), 5 survivors (5120K)
 Metaspace       used 71391K, committed 72448K, reserved 278528K
  class space    used 9292K, committed 9792K, reserved 212992K
}
Event: 21993.081 GC heap after
{Heap after GC invocations=41 (full 0):
 garbage-first heap   total 262144K, used 100141K [0x00000000e0000000, 0x0000000100000000)
  region size 1024K, 13 young (13312K), 13 survivors (13312K)
 Metaspace       used 71391K, committed 72448K, reserved 278528K
  class space    used 9292K, committed 9792K, reserved 212992K
}
Event: 23069.891 GC heap before
{Heap before GC invocations=41 (full 0):
 garbage-first heap   total 262144K, used 210733K [0x00000000e0000000, 0x0000000100000000)
  region size 1024K, 122 young (124928K), 13 survivors (13312K)
 Metaspace       used 71447K, committed 72512K, reserved 278528K
  class space    used 9294K, committed 9792K, reserved 212992K
}
Event: 23069.900 GC heap after
{Heap after GC invocations=42 (full 0):
 garbage-first heap   total 262144K, used 96051K [0x00000000e0000000, 0x0000000100000000)
  region size 1024K, 6 young (6144K), 6 survivors (6144K)
 Metaspace       used 71447K, committed 72512K, reserved 278528K
  class space    used 9294K, committed 9792K, reserved 212992K
}
Event: 23071.457 GC heap before
{Heap before GC invocations=42 (full 0):
 garbage-first heap   total 262144K, used 213811K [0x00000000e0000000, 0x0000000100000000)
  region size 1024K, 120 young (122880K), 6 survivors (6144K)
 Metaspace       used 71523K, committed 72640K, reserved 278528K
  class space    used 9300K, committed 9856K, reserved 212992K
}
Event: 23071.463 GC heap after
{Heap after GC invocations=43 (full 0):
 garbage-first heap   total 262144K, used 102088K [0x00000000e0000000, 0x0000000100000000)
  region size 1024K, 12 young (12288K), 12 survivors (12288K)
 Metaspace       used 71523K, committed 72640K, reserved 278528K
  class space    used 9300K, committed 9856K, reserved 212992K
}
Event: 23147.440 GC heap before
{Heap before GC invocations=43 (full 0):
 garbage-first heap   total 262144K, used 211656K [0x00000000e0000000, 0x0000000100000000)
  region size 1024K, 119 young (121856K), 12 survivors (12288K)
 Metaspace       used 73086K, committed 74176K, reserved 278528K
  class space    used 9472K, committed 9984K, reserved 212992K
}
Event: 23147.444 GC heap after
{Heap after GC invocations=44 (full 0):
 garbage-first heap   total 262144K, used 100110K [0x00000000e0000000, 0x0000000100000000)
  region size 1024K, 8 young (8192K), 8 survivors (8192K)
 Metaspace       used 73086K, committed 74176K, reserved 278528K
  class space    used 9472K, committed 9984K, reserved 212992K
}
Event: 23148.026 GC heap before
{Heap before GC invocations=44 (full 0):
 garbage-first heap   total 262144K, used 211726K [0x00000000e0000000, 0x0000000100000000)
  region size 1024K, 118 young (120832K), 8 survivors (8192K)
 Metaspace       used 73090K, committed 74176K, reserved 278528K
  class space    used 9473K, committed 9984K, reserved 212992K
}
Event: 23148.032 GC heap after
{Heap after GC invocations=45 (full 0):
 garbage-first heap   total 262144K, used 101436K [0x00000000e0000000, 0x0000000100000000)
  region size 1024K, 11 young (11264K), 11 survivors (11264K)
 Metaspace       used 73090K, committed 74176K, reserved 278528K
  class space    used 9473K, committed 9984K, reserved 212992K
}
Event: 23148.932 GC heap before
{Heap before GC invocations=45 (full 0):
 garbage-first heap   total 262144K, used 212028K [0x00000000e0000000, 0x0000000100000000)
  region size 1024K, 118 young (120832K), 11 survivors (11264K)
 Metaspace       used 74424K, committed 75584K, reserved 286720K
  class space    used 9626K, committed 10176K, reserved 212992K
}
Event: 23148.943 GC heap after
{Heap after GC invocations=46 (full 0):
 garbage-first heap   total 262144K, used 113973K [0x00000000e0000000, 0x0000000100000000)
  region size 1024K, 15 young (15360K), 15 survivors (15360K)
 Metaspace       used 74424K, committed 75584K, reserved 286720K
  class space    used 9626K, committed 10176K, reserved 212992K
}
Event: 23176.279 GC heap before
{Heap before GC invocations=46 (full 0):
 garbage-first heap   total 262144K, used 202037K [0x00000000e0000000, 0x0000000100000000)
  region size 1024K, 102 young (104448K), 15 survivors (15360K)
 Metaspace       used 74729K, committed 75840K, reserved 286720K
  class space    used 9652K, committed 10176K, reserved 212992K
}
Event: 23176.287 GC heap after
{Heap after GC invocations=47 (full 0):
 garbage-first heap   total 262144K, used 116475K [0x00000000e0000000, 0x0000000100000000)
  region size 1024K, 7 young (7168K), 7 survivors (7168K)
 Metaspace       used 74729K, committed 75840K, reserved 286720K
  class space    used 9652K, committed 10176K, reserved 212992K
}
Event: 23176.559 GC heap before
{Heap before GC invocations=47 (full 0):
 garbage-first heap   total 262144K, used 205563K [0x00000000e0000000, 0x0000000100000000)
  region size 1024K, 94 young (96256K), 7 survivors (7168K)
 Metaspace       used 74733K, committed 75840K, reserved 286720K
  class space    used 9652K, committed 10176K, reserved 212992K
}
Event: 23176.565 GC heap after
{Heap after GC invocations=48 (full 0):
 garbage-first heap   total 262144K, used 115637K [0x00000000e0000000, 0x0000000100000000)
  region size 1024K, 7 young (7168K), 7 survivors (7168K)
 Metaspace       used 74733K, committed 75840K, reserved 286720K
  class space    used 9652K, committed 10176K, reserved 212992K
}
Event: 25468.289 GC heap before
{Heap before GC invocations=48 (full 0):
 garbage-first heap   total 262144K, used 208821K [0x00000000e0000000, 0x0000000100000000)
  region size 1024K, 99 young (101376K), 7 survivors (7168K)
 Metaspace       used 74781K, committed 75904K, reserved 286720K
  class space    used 9653K, committed 10176K, reserved 212992K
}
Event: 25468.294 GC heap after
{Heap after GC invocations=49 (full 0):
 garbage-first heap   total 262144K, used 115328K [0x00000000e0000000, 0x0000000100000000)
  region size 1024K, 6 young (6144K), 6 survivors (6144K)
 Metaspace       used 74781K, committed 75904K, reserved 286720K
  class space    used 9653K, committed 10176K, reserved 212992K
}
Event: 25468.578 GC heap before
{Heap before GC invocations=49 (full 0):
 garbage-first heap   total 262144K, used 212608K [0x00000000e0000000, 0x0000000100000000)
  region size 1024K, 101 young (103424K), 6 survivors (6144K)
 Metaspace       used 74781K, committed 75904K, reserved 286720K
  class space    used 9653K, committed 10176K, reserved 212992K
}
Event: 25468.581 GC heap after
{Heap after GC invocations=50 (full 0):
 garbage-first heap   total 262144K, used 115381K [0x00000000e0000000, 0x0000000100000000)
  region size 1024K, 6 young (6144K), 6 survivors (6144K)
 Metaspace       used 74781K, committed 75904K, reserved 286720K
  class space    used 9653K, committed 10176K, reserved 212992K
}

